<?xml version="1.0" encoding="UTF-8"?>
<!-- Generated by org.testng.reporters.JUnitXMLReporter -->
<testsuite ignored="0" hostname="DESKTOP-4CJM1GA" failures="1" tests="4" name="PetTests" time="4.003" errors="0" timestamp="2025-04-16T16:20:08 IST">
  <testcase classname="api.test.UserTests" name="testPostuser" time="1.701"/>
  <testcase classname="api.test.UserTests" name="testGetUserbyName" time="0.491">
    <failure type="java.lang.AssertionError" message="expected [200] but found [404]">
      <![CDATA[java.lang.AssertionError: expected [200] but found [404]
at api.test.UserTests.testGetUserbyName(UserTests.java:48)
at java.base/java.util.ArrayList.forEach(ArrayList.java:1596)
... Removed 32 stack frames]]>
    </failure>
  </testcase> <!-- testGetUserbyName -->
  <testcase classname="api.test.UserTests" name="testUpdateUserByName" time="0.984"/>
  <testcase classname="api.test.UserTests" name="testDeleteUserbyName" time="0.477"/>
</testsuite> <!-- PetTests -->
