<?xml version="1.0" encoding="UTF-8"?>
<!-- Generated by org.testng.reporters.JUnitXMLReporter -->
<testsuite ignored="0" hostname="DESKTOP-4CJM1GA" failures="4" tests="6" name="Surefire test" time="4.918" errors="0" timestamp="2025-04-17T17:06:06 IST">
  <testcase classname="api.test.DataDrivenTests" name="testPostUser" time="0.0">
    <failure type="java.lang.RuntimeException" message="java.lang.NoSuchMethodError: &amp;apos;org.apache.logging.log4j.LogBuilder org.apache.logging.log4j.Logger.atDebug()&amp;apos;">
      <![CDATA[java.lang.RuntimeException: java.lang.NoSuchMethodError: 'org.apache.logging.log4j.LogBuilder org.apache.logging.log4j.Logger.atDebug()'
at java.base/java.util.ArrayList.forEach(ArrayList.java:1596)
Caused by: java.lang.NoSuchMethodError: 'org.apache.logging.log4j.LogBuilder org.apache.logging.log4j.Logger.atDebug()'
at org.apache.poi.openxml4j.opc.PackageRelationshipCollection.parseRelationshipsPart(PackageRelationshipCollection.java:307)
at org.apache.poi.openxml4j.opc.PackageRelationshipCollection.<init>(PackageRelationshipCollection.java:155)
at org.apache.poi.openxml4j.opc.PackageRelationshipCollection.<init>(PackageRelationshipCollection.java:125)
at org.apache.poi.openxml4j.opc.PackagePart.loadRelationships(PackagePart.java:565)
at org.apache.poi.openxml4j.opc.OPCPackage.getParts(OPCPackage.java:798)
at org.apache.poi.openxml4j.opc.OPCPackage.open(OPCPackage.java:369)
at org.apache.poi.ooxml.util.PackageHelper.open(PackageHelper.java:67)
at org.apache.poi.xssf.usermodel.XSSFWorkbook.<init>(XSSFWorkbook.java:315)
at org.apache.poi.xssf.usermodel.XSSFWorkbook.<init>(XSSFWorkbook.java:289)
at api.utilities.ExcelUtility.getRowCount(ExcelUtility.java:37)
at api.utilities.DataProviders.getAllData(DataProviders.java:15)
... 30 more
... Removed 35 stack frames]]>
    </failure>
  </testcase> <!-- testPostUser -->
  <testcase classname="api.test.DataDrivenTests" name="testDeleteUsersbyName" time="0.0">
    <failure type="java.lang.RuntimeException" message="java.lang.NoSuchMethodError: &amp;apos;org.apache.logging.log4j.LogBuilder org.apache.logging.log4j.Logger.atDebug()&amp;apos;">
      <![CDATA[java.lang.RuntimeException: java.lang.NoSuchMethodError: 'org.apache.logging.log4j.LogBuilder org.apache.logging.log4j.Logger.atDebug()'
at java.base/java.util.ArrayList.forEach(ArrayList.java:1596)
Caused by: java.lang.NoSuchMethodError: 'org.apache.logging.log4j.LogBuilder org.apache.logging.log4j.Logger.atDebug()'
at org.apache.poi.openxml4j.opc.PackageRelationshipCollection.parseRelationshipsPart(PackageRelationshipCollection.java:307)
at org.apache.poi.openxml4j.opc.PackageRelationshipCollection.<init>(PackageRelationshipCollection.java:155)
at org.apache.poi.openxml4j.opc.PackageRelationshipCollection.<init>(PackageRelationshipCollection.java:125)
at org.apache.poi.openxml4j.opc.PackagePart.loadRelationships(PackagePart.java:565)
at org.apache.poi.openxml4j.opc.OPCPackage.getParts(OPCPackage.java:798)
at org.apache.poi.openxml4j.opc.OPCPackage.open(OPCPackage.java:369)
at org.apache.poi.ooxml.util.PackageHelper.open(PackageHelper.java:67)
at org.apache.poi.xssf.usermodel.XSSFWorkbook.<init>(XSSFWorkbook.java:315)
at org.apache.poi.xssf.usermodel.XSSFWorkbook.<init>(XSSFWorkbook.java:289)
at api.utilities.ExcelUtility.getRowCount(ExcelUtility.java:37)
at api.utilities.DataProviders.getUserNames(DataProviders.java:37)
... 30 more
... Removed 35 stack frames]]>
    </failure>
  </testcase> <!-- testDeleteUsersbyName -->
  <testcase classname="api.test.UserTests" name="testPostuser" time="2.157"/>
  <testcase classname="api.test.UserTests" name="testGetUserbyName" time="0.541">
    <failure type="java.lang.AssertionError" message="expected [200] but found [404]">
      <![CDATA[java.lang.AssertionError: expected [200] but found [404]
at api.test.UserTests.testGetUserbyName(UserTests.java:56)
at java.base/java.util.ArrayList.forEach(ArrayList.java:1596)
... Removed 37 stack frames]]>
    </failure>
  </testcase> <!-- testGetUserbyName -->
  <testcase classname="api.test.UserTests" name="testUpdateUserByName" time="0.999"/>
  <testcase classname="api.test.UserTests" name="testDeleteUserbyName" time="0.487">
    <failure type="java.lang.AssertionError" message="expected [200] but found [404]">
      <![CDATA[java.lang.AssertionError: expected [200] but found [404]
at api.test.UserTests.testDeleteUserbyName(UserTests.java:87)
at java.base/java.util.ArrayList.forEach(ArrayList.java:1596)
... Removed 37 stack frames]]>
    </failure>
  </testcase> <!-- testDeleteUserbyName -->
</testsuite> <!-- Surefire test -->
