<?xml version="1.0" encoding="UTF-8"?>
<testng-results ignored="0" total="4" passed="4" failed="0" skipped="0">
  <reporter-output>
  </reporter-output>
  <suite started-at="2025-04-17T17:16:53 IST" name="Default suite" finished-at="2025-04-17T17:16:58 IST" duration-ms="4883">
    <groups>
    </groups>
    <test started-at="2025-04-17T17:16:53 IST" name="Default test" finished-at="2025-04-17T17:16:58 IST" duration-ms="4883">
      <class name="api.test.UserTests">
        <test-method is-config="true" signature="setUpData()[pri:0, instance:api.test.UserTests@3eb25e1a]" started-at="2025-04-17T17:16:53 IST" name="setUpData" finished-at="2025-04-17T17:16:54 IST" duration-ms="586" status="PASS">
          <reporter-output>
          </reporter-output>
        </test-method> <!-- setUpData -->
        <test-method signature="testPostuser()[pri:1, instance:api.test.UserTests@3eb25e1a]" started-at="2025-04-17T17:16:54 IST" name="testPostuser" finished-at="2025-04-17T17:16:56 IST" duration-ms="2172" status="PASS">
          <reporter-output>
          </reporter-output>
        </test-method> <!-- testPostuser -->
        <test-method signature="testGetUserbyName()[pri:2, instance:api.test.UserTests@3eb25e1a]" started-at="2025-04-17T17:16:56 IST" name="testGetUserbyName" finished-at="2025-04-17T17:16:56 IST" duration-ms="555" status="PASS">
          <reporter-output>
          </reporter-output>
        </test-method> <!-- testGetUserbyName -->
        <test-method signature="testUpdateUserByName()[pri:3, instance:api.test.UserTests@3eb25e1a]" started-at="2025-04-17T17:16:56 IST" name="testUpdateUserByName" finished-at="2025-04-17T17:16:57 IST" duration-ms="1021" status="PASS">
          <reporter-output>
          </reporter-output>
        </test-method> <!-- testUpdateUserByName -->
        <test-method signature="testDeleteUserbyName()[pri:4, instance:api.test.UserTests@3eb25e1a]" started-at="2025-04-17T17:16:57 IST" name="testDeleteUserbyName" finished-at="2025-04-17T17:16:58 IST" duration-ms="498" status="PASS">
          <reporter-output>
          </reporter-output>
        </test-method> <!-- testDeleteUserbyName -->
      </class> <!-- api.test.UserTests -->
    </test> <!-- Default test -->
  </suite> <!-- Default suite -->
</testng-results>
